app_tcc_v3/build/app/intermediates/manifest_merge_blame_file/debug/manifest-merger-blame-debug-report.txt
1<?xml version="1.0" encoding="utf-8"?>
2<manifest xmlns:android="http://schemas.android.com/apk/res/android"
3    package="com.example.apptcc"
4    android:versionCode="1"
5    android:versionName="1.0.0" >
6
7    <uses-sdk
8        android:minSdkVersion="19"
9        android:targetSdkVersion="33" />
10    <!--
11         The INTERNET permission is required for development. Specifically,
12         the Flutter tool needs it to communicate with the running application
13         to allow setting breakpoints, to provide hot reload, etc.
14    -->
15    <uses-permission android:name="android.permission.INTERNET" />
15-->src\main\AndroidManifest.xml:34:5-67
15-->src\main\AndroidManifest.xml:34:22-64
16    <uses-permission android:name="android.permission.ACCESS_NETWORK_STATE" />
16-->src\main\AndroidManifest.xml:35:1-75
16-->src\main\AndroidManifest.xml:35:18-72
17
18    <queries>
18-->[:flutter_inappwebview] AndroidManifest.xml:9:5-13:15
19        <intent>
19-->[:flutter_inappwebview] AndroidManifest.xml:10:9-12:18
20            <action android:name="android.support.customtabs.action.CustomTabsService" />
20-->[:flutter_inappwebview] AndroidManifest.xml:11:13-90
20-->[:flutter_inappwebview] AndroidManifest.xml:11:21-87
21        </intent>
22    </queries>
23
24    <application
25        android:name="io.flutter.app.FlutterMultiDexApplication"
26        android:appComponentFactory="androidx.core.app.CoreComponentFactory"
26-->[androidx.core:core:1.8.0] AndroidManifest.xml:24:18-86
27        android:debuggable="true"
28        android:icon="@mipmap/ic_launcher"
29        android:label="apptcc" >
30        <activity
31            android:name="com.example.apptcc.MainActivity"
32            android:configChanges="orientation|keyboardHidden|keyboard|screenSize|smallestScreenSize|locale|layoutDirection|fontScale|screenLayout|density|uiMode"
33            android:exported="true"
34            android:hardwareAccelerated="true"
35            android:launchMode="singleTop"
36            android:theme="@style/LaunchTheme"
37            android:windowSoftInputMode="adjustResize" >
38
39            <!--
40                 Specifies an Android theme to apply to this Activity as soon as
41                 the Android process has started. This theme is visible to the user
42                 while the Flutter UI initializes. After that, this theme continues
43                 to determine the Window background behind the Flutter UI.
44            -->
45            <meta-data
46                android:name="io.flutter.embedding.android.NormalTheme"
47                android:resource="@style/NormalTheme" />
48
49            <intent-filter>
50                <action android:name="android.intent.action.MAIN" />
51
52                <category android:name="android.intent.category.LAUNCHER" />
53            </intent-filter>
54        </activity>
55        <!--
56             Don't delete the meta-data below.
57             This is used by the Flutter tool to generate GeneratedPluginRegistrant.java
58        -->
59        <meta-data
60            android:name="flutterEmbedding"
61            android:value="2" />
62
63        <service
63-->[:firebase_auth] AndroidManifest.xml:10:9-14:19
64            android:name="com.google.firebase.components.ComponentDiscoveryService"
64-->[:firebase_auth] AndroidManifest.xml:10:18-89
65            android:directBootAware="true"
65-->[com.google.firebase:firebase-common:20.3.2] AndroidManifest.xml:34:13-43
66            android:exported="false" >
66-->[com.google.firebase:firebase-auth:22.0.0] AndroidManifest.xml:68:13-37
67            <meta-data
67-->[:firebase_auth] AndroidManifest.xml:11:13-13:85
68                android:name="com.google.firebase.components:io.flutter.plugins.firebase.auth.FlutterFirebaseAuthRegistrar"
68-->[:firebase_auth] AndroidManifest.xml:12:17-124
69                android:value="com.google.firebase.components.ComponentRegistrar" />
69-->[:firebase_auth] AndroidManifest.xml:13:17-82
70            <meta-data
70-->[:firebase_core] AndroidManifest.xml:11:13-13:85
71                android:name="com.google.firebase.components:io.flutter.plugins.firebase.core.FlutterFirebaseCoreRegistrar"
71-->[:firebase_core] AndroidManifest.xml:12:17-124
72                android:value="com.google.firebase.components.ComponentRegistrar" />
72-->[:firebase_core] AndroidManifest.xml:13:17-82
73            <meta-data
73-->[com.google.firebase:firebase-auth:22.0.0] AndroidManifest.xml:69:13-71:85
74                android:name="com.google.firebase.components:com.google.firebase.auth.FirebaseAuthRegistrar"
74-->[com.google.firebase:firebase-auth:22.0.0] AndroidManifest.xml:70:17-109
75                android:value="com.google.firebase.components.ComponentRegistrar" />
75-->[com.google.firebase:firebase-auth:22.0.0] AndroidManifest.xml:71:17-82
76        </service>
77
78        <activity
78-->[:flutter_inappwebview] AndroidManifest.xml:16:9-20:47
79            android:name="com.pichillilorenzo.flutter_inappwebview.in_app_browser.InAppBrowserActivity"
79-->[:flutter_inappwebview] AndroidManifest.xml:17:13-104
80            android:configChanges="orientation|keyboardHidden|keyboard|screenSize|locale|layoutDirection|fontScale|screenLayout|density"
80-->[:flutter_inappwebview] AndroidManifest.xml:18:13-137
81            android:exported="false"
81-->[:flutter_inappwebview] AndroidManifest.xml:19:13-37
82            android:theme="@style/AppTheme" />
82-->[:flutter_inappwebview] AndroidManifest.xml:20:13-44
83        <activity
83-->[:flutter_inappwebview] AndroidManifest.xml:21:9-24:55
84            android:name="com.pichillilorenzo.flutter_inappwebview.chrome_custom_tabs.ChromeCustomTabsActivity"
84-->[:flutter_inappwebview] AndroidManifest.xml:22:13-112
85            android:exported="false"
85-->[:flutter_inappwebview] AndroidManifest.xml:23:13-37
86            android:theme="@style/ThemeTransparent" />
86-->[:flutter_inappwebview] AndroidManifest.xml:24:13-52
87        <activity
87-->[:flutter_inappwebview] AndroidManifest.xml:25:9-28:55
88            android:name="com.pichillilorenzo.flutter_inappwebview.chrome_custom_tabs.TrustedWebActivity"
88-->[:flutter_inappwebview] AndroidManifest.xml:26:13-106
89            android:exported="false"
89-->[:flutter_inappwebview] AndroidManifest.xml:27:13-37
90            android:theme="@style/ThemeTransparent" />
90-->[:flutter_inappwebview] AndroidManifest.xml:28:13-52
91        <activity
91-->[:flutter_inappwebview] AndroidManifest.xml:29:9-33:55
92            android:name="com.pichillilorenzo.flutter_inappwebview.chrome_custom_tabs.ChromeCustomTabsActivitySingleInstance"
92-->[:flutter_inappwebview] AndroidManifest.xml:30:13-126
93            android:exported="false"
93-->[:flutter_inappwebview] AndroidManifest.xml:31:13-37
94            android:launchMode="singleInstance"
94-->[:flutter_inappwebview] AndroidManifest.xml:32:13-48
95            android:theme="@style/ThemeTransparent" />
95-->[:flutter_inappwebview] AndroidManifest.xml:33:13-52
96        <activity
96-->[:flutter_inappwebview] AndroidManifest.xml:34:9-38:55
97            android:name="com.pichillilorenzo.flutter_inappwebview.chrome_custom_tabs.TrustedWebActivitySingleInstance"
97-->[:flutter_inappwebview] AndroidManifest.xml:35:13-120
98            android:exported="false"
98-->[:flutter_inappwebview] AndroidManifest.xml:36:13-37
99            android:launchMode="singleInstance"
99-->[:flutter_inappwebview] AndroidManifest.xml:37:13-48
100            android:theme="@style/ThemeTransparent" />
100-->[:flutter_inappwebview] AndroidManifest.xml:38:13-52
101
102        <receiver
102-->[:flutter_inappwebview] AndroidManifest.xml:40:9-43:40
103            android:name="com.pichillilorenzo.flutter_inappwebview.chrome_custom_tabs.ActionBroadcastReceiver"
103-->[:flutter_inappwebview] AndroidManifest.xml:41:13-111
104            android:enabled="true"
104-->[:flutter_inappwebview] AndroidManifest.xml:42:13-35
105            android:exported="false" />
105-->[:flutter_inappwebview] AndroidManifest.xml:43:13-37
106
107        <meta-data
107-->[:flutter_inappwebview] AndroidManifest.xml:45:9-47:36
108            android:name="io.flutter.embedded_views_preview"
108-->[:flutter_inappwebview] AndroidManifest.xml:46:13-61
109            android:value="true" />
109-->[:flutter_inappwebview] AndroidManifest.xml:47:13-33
110
111        <activity
111-->[com.google.firebase:firebase-auth:22.0.0] AndroidManifest.xml:29:9-46:20
112            android:name="com.google.firebase.auth.internal.GenericIdpActivity"
112-->[com.google.firebase:firebase-auth:22.0.0] AndroidManifest.xml:30:13-80
113            android:excludeFromRecents="true"
113-->[com.google.firebase:firebase-auth:22.0.0] AndroidManifest.xml:31:13-46
114            android:exported="true"
114-->[com.google.firebase:firebase-auth:22.0.0] AndroidManifest.xml:32:13-36
115            android:launchMode="singleTask"
115-->[com.google.firebase:firebase-auth:22.0.0] AndroidManifest.xml:33:13-44
116            android:theme="@android:style/Theme.Translucent.NoTitleBar" >
116-->[com.google.firebase:firebase-auth:22.0.0] AndroidManifest.xml:34:13-72
117            <intent-filter>
117-->[com.google.firebase:firebase-auth:22.0.0] AndroidManifest.xml:35:13-45:29
118                <action android:name="android.intent.action.VIEW" />
118-->[com.google.firebase:firebase-auth:22.0.0] AndroidManifest.xml:36:17-69
118-->[com.google.firebase:firebase-auth:22.0.0] AndroidManifest.xml:36:25-66
119
120                <category android:name="android.intent.category.DEFAULT" />
120-->[com.google.firebase:firebase-auth:22.0.0] AndroidManifest.xml:38:17-76
120-->[com.google.firebase:firebase-auth:22.0.0] AndroidManifest.xml:38:27-73
121                <category android:name="android.intent.category.BROWSABLE" />
121-->[com.google.firebase:firebase-auth:22.0.0] AndroidManifest.xml:39:17-78
121-->[com.google.firebase:firebase-auth:22.0.0] AndroidManifest.xml:39:27-75
122
123                <data
123-->[com.google.firebase:firebase-auth:22.0.0] AndroidManifest.xml:41:17-44:51
124                    android:host="firebase.auth"
124-->[com.google.firebase:firebase-auth:22.0.0] AndroidManifest.xml:42:21-49
125                    android:path="/"
125-->[com.google.firebase:firebase-auth:22.0.0] AndroidManifest.xml:43:21-37
126                    android:scheme="genericidp" />
126-->[com.google.firebase:firebase-auth:22.0.0] AndroidManifest.xml:44:21-48
127            </intent-filter>
128        </activity>
129        <activity
129-->[com.google.firebase:firebase-auth:22.0.0] AndroidManifest.xml:47:9-64:20
130            android:name="com.google.firebase.auth.internal.RecaptchaActivity"
130-->[com.google.firebase:firebase-auth:22.0.0] AndroidManifest.xml:48:13-79
131            android:excludeFromRecents="true"
131-->[com.google.firebase:firebase-auth:22.0.0] AndroidManifest.xml:49:13-46
132            android:exported="true"
132-->[com.google.firebase:firebase-auth:22.0.0] AndroidManifest.xml:50:13-36
133            android:launchMode="singleTask"
133-->[com.google.firebase:firebase-auth:22.0.0] AndroidManifest.xml:51:13-44
134            android:theme="@android:style/Theme.Translucent.NoTitleBar" >
134-->[com.google.firebase:firebase-auth:22.0.0] AndroidManifest.xml:52:13-72
135            <intent-filter>
135-->[com.google.firebase:firebase-auth:22.0.0] AndroidManifest.xml:53:13-63:29
136                <action android:name="android.intent.action.VIEW" />
136-->[com.google.firebase:firebase-auth:22.0.0] AndroidManifest.xml:36:17-69
136-->[com.google.firebase:firebase-auth:22.0.0] AndroidManifest.xml:36:25-66
137
138                <category android:name="android.intent.category.DEFAULT" />
138-->[com.google.firebase:firebase-auth:22.0.0] AndroidManifest.xml:38:17-76
138-->[com.google.firebase:firebase-auth:22.0.0] AndroidManifest.xml:38:27-73
139                <category android:name="android.intent.category.BROWSABLE" />
139-->[com.google.firebase:firebase-auth:22.0.0] AndroidManifest.xml:39:17-78
139-->[com.google.firebase:firebase-auth:22.0.0] AndroidManifest.xml:39:27-75
140
141                <data
141-->[com.google.firebase:firebase-auth:22.0.0] AndroidManifest.xml:41:17-44:51
142                    android:host="firebase.auth"
142-->[com.google.firebase:firebase-auth:22.0.0] AndroidManifest.xml:42:21-49
143                    android:path="/"
143-->[com.google.firebase:firebase-auth:22.0.0] AndroidManifest.xml:43:21-37
144                    android:scheme="recaptcha" />
144-->[com.google.firebase:firebase-auth:22.0.0] AndroidManifest.xml:44:21-48
145            </intent-filter>
146        </activity>
147
148        <uses-library
148-->[androidx.window:window:1.0.0-beta04] AndroidManifest.xml:25:9-27:40
149            android:name="androidx.window.extensions"
149-->[androidx.window:window:1.0.0-beta04] AndroidManifest.xml:26:13-54
150            android:required="false" />
150-->[androidx.window:window:1.0.0-beta04] AndroidManifest.xml:27:13-37
151        <uses-library
151-->[androidx.window:window:1.0.0-beta04] AndroidManifest.xml:28:9-30:40
152            android:name="androidx.window.sidecar"
152-->[androidx.window:window:1.0.0-beta04] AndroidManifest.xml:29:13-51
153            android:required="false" />
153-->[androidx.window:window:1.0.0-beta04] AndroidManifest.xml:30:13-37
154
155        <provider
155-->[com.google.firebase:firebase-common:20.3.2] AndroidManifest.xml:25:9-30:39
156            android:name="com.google.firebase.provider.FirebaseInitProvider"
156-->[com.google.firebase:firebase-common:20.3.2] AndroidManifest.xml:26:13-77
157            android:authorities="com.example.apptcc.firebaseinitprovider"
157-->[com.google.firebase:firebase-common:20.3.2] AndroidManifest.xml:27:13-72
158            android:directBootAware="true"
158-->[com.google.firebase:firebase-common:20.3.2] AndroidManifest.xml:28:13-43
159            android:exported="false"
159-->[com.google.firebase:firebase-common:20.3.2] AndroidManifest.xml:29:13-37
160            android:initOrder="100" />
160-->[com.google.firebase:firebase-common:20.3.2] AndroidManifest.xml:30:13-36
161
162        <activity
162-->[com.google.android.gms:play-services-base:18.0.1] AndroidManifest.xml:20:9-22:45
163            android:name="com.google.android.gms.common.api.GoogleApiActivity"
163-->[com.google.android.gms:play-services-base:18.0.1] AndroidManifest.xml:20:19-85
164            android:exported="false"
164-->[com.google.android.gms:play-services-base:18.0.1] AndroidManifest.xml:22:19-43
165            android:theme="@android:style/Theme.Translucent.NoTitleBar" />
165-->[com.google.android.gms:play-services-base:18.0.1] AndroidManifest.xml:21:19-78
166
167        <meta-data
167-->[com.google.android.gms:play-services-basement:18.1.0] AndroidManifest.xml:21:9-23:69
168            android:name="com.google.android.gms.version"
168-->[com.google.android.gms:play-services-basement:18.1.0] AndroidManifest.xml:22:13-58
169            android:value="@integer/google_play_services_version" />
169-->[com.google.android.gms:play-services-basement:18.1.0] AndroidManifest.xml:23:13-66
170
171        <provider
171-->[androidx.emoji2:emoji2:1.2.0] AndroidManifest.xml:24:9-32:20
172            android:name="androidx.startup.InitializationProvider"
172-->[androidx.emoji2:emoji2:1.2.0] AndroidManifest.xml:25:13-67
173            android:authorities="com.example.apptcc.androidx-startup"
173-->[androidx.emoji2:emoji2:1.2.0] AndroidManifest.xml:26:13-68
174            android:exported="false" >
174-->[androidx.emoji2:emoji2:1.2.0] AndroidManifest.xml:27:13-37
175            <meta-data
175-->[androidx.emoji2:emoji2:1.2.0] AndroidManifest.xml:29:13-31:52
176                android:name="androidx.emoji2.text.EmojiCompatInitializer"
176-->[androidx.emoji2:emoji2:1.2.0] AndroidManifest.xml:30:17-75
177                android:value="androidx.startup" />
177-->[androidx.emoji2:emoji2:1.2.0] AndroidManifest.xml:31:17-49
178            <meta-data
178-->[androidx.lifecycle:lifecycle-process:2.4.1] AndroidManifest.xml:31:13-33:52
179                android:name="androidx.lifecycle.ProcessLifecycleInitializer"
179-->[androidx.lifecycle:lifecycle-process:2.4.1] AndroidManifest.xml:32:17-78
180                android:value="androidx.startup" />
180-->[androidx.lifecycle:lifecycle-process:2.4.1] AndroidManifest.xml:33:17-49
181        </provider>
182    </application>
183
184</manifest>